<?xml version="1.0" encoding="UTF-8"?>
<testng-results ignored="0" total="1" passed="1" failed="0" skipped="0">
  <reporter-output>
  </reporter-output>
  <suite started-at="2024-04-22T00:02:45 IST" name="Default suite" finished-at="2024-04-22T00:02:47 IST" duration-ms="2039">
    <groups>
    </groups>
    <test started-at="2024-04-22T00:02:45 IST" name="Default test" finished-at="2024-04-22T00:02:47 IST" duration-ms="2039">
      <class name="restTest.GetandPost">
        <test-method signature="testPost()[pri:0, instance:restTest.GetandPost@6ae5aa72]" started-at="2024-04-22T00:02:45 IST" name="testPost" finished-at="2024-04-22T00:02:47 IST" duration-ms="1984" status="PASS">
          <reporter-output>
          </reporter-output>
        </test-method> <!-- testPost -->
      </class> <!-- restTest.GetandPost -->
    </test> <!-- Default test -->
  </suite> <!-- Default suite -->
</testng-results>
